"../../../Project_2D5/Content/e_conveyorBelt_003.uasset" 0
"../../../Project_2D5/Content/TwinStickBP/TitleScreen/AirportStrikeLogo3.uasset" 1
"../../../Project_2D5/Content/palette.uasset" 2
"../../../Project_2D5/Content/e_conveyorBelt_2.uasset" 3
"../../../Project_2D5/Content/e_conveyorBelt_3.uasset" 4
"../../../Project_2D5/Content/WholeScene.uasset" 5
"../../../Project_2D5/Content/Animation/TEST.uasset" 6
"../../../Project_2D5/Content/Animation/Texture/T_pickup_1.uasset" 7
"../../../Project_2D5/Content/Animation/Material/M_PickUp.uasset" 8
"../../../Project_2D5/Content/Animation/Texture/T_Walk_1.uasset" 9
"../../../Project_2D5/Content/Animation/Material/M_Walking.uasset" 10
"../../../Project_2D5/Content/Animation/Texture/T_test_1_1.uasset" 11
"../../../Project_2D5/Content/Animation/Material/M_Test.uasset" 12
"../../../Project_2D5/Content/Animation/Object/BP_TestActor.uasset" 13
"../../../Project_2D5/Content/Animation/Object/BP_TestActor_StateMachineTest.uasset" 14
"../../../Project_2D5/Content/Animation/Object/BP_TestActor_Test.uasset" 15
"../../../Project_2D5/Content/Animation/Object/M_test_1.uasset" 16
"../../../Project_2D5/Content/Animation/Object/palette.uasset" 17
"../../../Project_2D5/Content/Animation/Object/Character1_Hold/hold_2.uasset" 18
"../../../Project_2D5/Content/Animation/Object/Character1_Hold/hold_3.uasset" 19
"../../../Project_2D5/Content/Animation/Object/Character1_Hold/hold_4.uasset" 20
"../../../Project_2D5/Content/Animation/Object/Character1_Walk/Walk_1.uasset" 21
"../../../Project_2D5/Content/Animation/Object/Character1_Walk/walk_2.uasset" 22
"../../../Project_2D5/Content/Animation/Object/Character1_Walk/walk_3.uasset" 23
"../../../Project_2D5/Content/Animation/Object/Character1_Walk/walk_4.uasset" 24
"../../../Project_2D5/Content/Animation/Object/Character_Ben/T_ben.uasset" 25
"../../../Project_2D5/Content/Animation/Object/Character_Ben/M_ben.uasset" 26
"../../../Project_2D5/Content/Animation/Object/Character_Ben/ben5.uasset" 27
"../../../Project_2D5/Content/Animation/Object/Character_Ben/M_palette.uasset" 28
"../../../Project_2D5/Content/Animation/Object/Character_NPC_Bob/T_Bob_Walk.uasset" 29
"../../../Project_2D5/Content/Animation/Object/Character_NPC_Bob/T_Bob.uasset" 30
"../../../Project_2D5/Content/Animation/Texture/TEST_walk.uasset" 31
"../../../Project_2D5/Content/Animation/Texture/T_hold_2.uasset" 32
"../../../Project_2D5/Content/Animation/Texture/T_hold_3.uasset" 33
"../../../Project_2D5/Content/Animation/Texture/T_hold_4.uasset" 34
"../../../Project_2D5/Content/Animation/Texture/T_test_1_2.uasset" 35
"../../../Project_2D5/Content/Animation/Texture/T_test_1_3.uasset" 36
"../../../Project_2D5/Content/Animation/Texture/T_test_1_4.uasset" 37
"../../../Project_2D5/Content/Audio/BG1_01.uasset" 38
"../../../Project_2D5/Content/Audio/Hit_01.uasset" 39
"../../../Project_2D5/Content/Audio/PlayerStep_01.uasset" 40
"../../../Project_2D5/Content/Audio/PlayerWin_01.uasset" 41
"../../../Project_2D5/Content/Audio/Throw_01.uasset" 42
"../../../Project_2D5/Content/Audio/Voice/Broadcast/321Strike_A.uasset" 43
"../../../Project_2D5/Content/Audio/Voice/Broadcast/Player1Win_A.uasset" 44
"../../../Project_2D5/Content/Audio/Voice/Broadcast/Player2Win_A.uasset" 45
"../../../Project_2D5/Content/Audio/Voice/JanitorManager/Janitor.uasset" 46
"../../../Project_2D5/Content/Audio/Voice/JanitorManager/Manager.uasset" 47
"../../../Project_2D5/Content/Audio/Voice/Obstacle/Obstacle01.uasset" 48
"../../../Project_2D5/Content/Audio/Voice/Obstacle/Obstacle02.uasset" 49
"../../../Project_2D5/Content/Audio/Voice/Obstacle/Obstacle03.uasset" 50
"../../../Project_2D5/Content/Audio/Voice/Obstacle/Obstacle04.uasset" 51
"../../../Project_2D5/Content/Audio/Voice/Obstacle/Obstacle05.uasset" 52
"../../../Project_2D5/Content/Audio/Voice/Obstacle/Obstacle06.uasset" 53
"../../../Project_2D5/Content/Audio/Voice/Obstacle/Obstacle07.uasset" 54
"../../../Project_2D5/Content/Audio/Voice/Obstacle/Obstacle08.uasset" 55
"../../../Project_2D5/Content/Audio/Voice/Obstacle/Obstacle09.uasset" 56
"../../../Project_2D5/Content/Audio/Voice/Obstacle/Obstacle10.uasset" 57
"../../../Project_2D5/Content/Audio/Voice/Obstacle/Obstacle11.uasset" 58
"../../../Project_2D5/Content/Audio/Voice/Obstacle/Obstacle12.uasset" 59
"../../../Project_2D5/Content/Audio/Voice/Obstacle/Obstacle13.uasset" 60
"../../../Project_2D5/Content/Audio/Voice/Obstacle/Obstacle14.uasset" 61
"../../../Project_2D5/Content/Audio/Voice/Player1/Player1_Hit.uasset" 62
"../../../Project_2D5/Content/Audio/Voice/Player1/Player1_Lose.uasset" 63
"../../../Project_2D5/Content/Audio/Voice/Player1/Player1_Win.uasset" 64
"../../../Project_2D5/Content/Audio/Voice/Player2/Player2_Hit.uasset" 65
"../../../Project_2D5/Content/Audio/Voice/Player2/Player2_Lose.uasset" 66
"../../../Project_2D5/Content/Audio/Voice/Player2/Player2_Win.uasset" 67
"../../../Project_2D5/Content/Blueprints/Box.uasset" 68
"../../../Project_2D5/Content/Geometry/Meshes/CubeMaterial.uasset" 69
"../../../Project_2D5/Content/Geometry/Meshes/TemplateFloor.uasset" 70
"../../../Project_2D5/Content/Material/e_conveyorBox_single_1.uasset" 71
"../../../Project_2D5/Content/Material/ConveyorBox.uasset" 72
"../../../Project_2D5/Content/Material/e_conveyorBelt_001.uasset" 73
"../../../Project_2D5/Content/Material/e_conveyorBelt_001_Mat.uasset" 74
"../../../Project_2D5/Content/Material/e_conveyorBelt_002.uasset" 75
"../../../Project_2D5/Content/Material/e_conveyorBelt_002_Mat.uasset" 76
"../../../Project_2D5/Content/Material/e_conveyorBelt_003.uasset" 77
"../../../Project_2D5/Content/Material/e_conveyorBelt_003_Mat.uasset" 78
"../../../Project_2D5/Content/Material/e_secCam_2.uasset" 79
"../../../Project_2D5/Content/Material/e_secCam_3.uasset" 80
"../../../Project_2D5/Content/Material/e_roundScreen_1.uasset" 81
"../../../Project_2D5/Content/Material/RScreen.uasset" 82
"../../../Project_2D5/Content/RandomContent/crap.uasset" 83
"../../../Project_2D5/Content/RandomContent/crap_Mat.uasset" 84
"../../../Project_2D5/Content/RandomContent/selectionmask.uasset" 85
"../../../Project_2D5/Content/RandomContent/Character/defaultMat.uasset" 86
"../../../Project_2D5/Content/RandomContent/Character/player.uasset" 87
"../../../Project_2D5/Content/RandomContent/Character/player1.uasset" 88
"../../../Project_2D5/Content/RandomContent/Character/player1_Mat.uasset" 89
"../../../Project_2D5/Content/Shaders/ScoreBoard.uasset" 90
"../../../Project_2D5/Content/Shaders/Score_Glow.uasset" 91
"../../../Project_2D5/Content/e_roundScreen_1.uasset" 92
"../../../Project_2D5/Content/Shaders/Sign_Enumerated.uasset" 93
"../../../Project_2D5/Content/Shaders/Sign.uasset" 94
"../../../Project_2D5/Content/StarterContent/Materials/M_Basic_Wall.uasset" 95
"../../../Project_2D5/Content/StarterContent/Architecture/Pillar_50x500.uasset" 96
"../../../Project_2D5/Content/StarterContent/Architecture/Wall_400x300.uasset" 97
"../../../Project_2D5/Content/StarterContent/Architecture/Wall_400x400.uasset" 98
"../../../Project_2D5/Content/StarterContent/Architecture/Wall_500x500.uasset" 99
"../../../Project_2D5/Content/StarterContent/Architecture/Wall_Door_400x400.uasset" 100
"../../../Project_2D5/Content/StarterContent/Architecture/Wall_Window_400x400.uasset" 101
"../../../Project_2D5/Content/StarterContent/Audio/Light01_Cue.uasset" 102
"../../../Project_2D5/Content/StarterContent/Audio/Light02_Cue.uasset" 103
"../../../Project_2D5/Content/StarterContent/Audio/Explosion_Cue.uasset" 104
"../../../Project_2D5/Content/StarterContent/Textures/T_Burst_M.uasset" 105
"../../../Project_2D5/Content/StarterContent/Particles/Materials/M_Burst.uasset" 106
"../../../Project_2D5/Content/StarterContent/Textures/T_Explosion_SubUV.uasset" 107
"../../../Project_2D5/Content/StarterContent/Particles/Materials/M_explosion_subUV.uasset" 108
"../../../Project_2D5/Content/StarterContent/Particles/Materials/m_flare_01.uasset" 109
"../../../Engine/Content/Functions/Engine_MaterialFunctions01/Gradient/RadialGradient.uasset" 110
"../../../Project_2D5/Content/StarterContent/Particles/Materials/M_radial_ramp.uasset" 111
"../../../Project_2D5/Content/StarterContent/Textures/T_Smoke_SubUV.uasset" 112
"../../../Project_2D5/Content/StarterContent/Textures/T_Smoke_Tiled_D.uasset" 113
"../../../Project_2D5/Content/StarterContent/Particles/Materials/M_smoke_subUV.uasset" 114
"../../../Project_2D5/Content/StarterContent/Particles/P_Explosion.uasset" 115
"../../../Project_2D5/Content/StarterContent/Blueprints/Blueprint_Effect_Explosion.uasset" 116
"../../../Engine/Content/EditorMeshes/ColorCalibrator/T_ColorGrid.uasset" 117
"../../../Project_2D5/Content/StarterContent/Materials/M_ColorGrid_LowSpec.uasset" 118
"../../../Project_2D5/Content/StarterContent/Textures/T_Bush_D.uasset" 119
"../../../Project_2D5/Content/StarterContent/Textures/T_Bush_N.uasset" 120
"../../../Project_2D5/Content/StarterContent/Props/Materials/M_Bush.uasset" 121
"../../../Project_2D5/Content/StarterContent/Props/SM_Bush.uasset" 122
"../../../Project_2D5/Content/StarterContent/Textures/T_Chair_M.uasset" 123
"../../../Project_2D5/Content/StarterContent/Textures/T_Chair_N.uasset" 124
"../../../Project_2D5/Content/StarterContent/Props/Materials/M_Chair.uasset" 125
"../../../Project_2D5/Content/StarterContent/Props/SM_Couch.uasset" 126
"../../../Project_2D5/Content/StarterContent/Materials/M_Glass.uasset" 127
"../../../Project_2D5/Content/StarterContent/Textures/T_Door_M.uasset" 128
"../../../Project_2D5/Content/StarterContent/Textures/T_Door_N.uasset" 129
"../../../Project_2D5/Content/StarterContent/Props/Materials/M_Door.uasset" 130
"../../../Project_2D5/Content/StarterContent/Props/SM_Door.uasset" 131
"../../../Project_2D5/Content/StarterContent/Props/Materials/M_MaterialSphere.uasset" 132
"../../../Project_2D5/Content/StarterContent/Props/Materials/M_MaterialSphere_Plain.uasset" 133
"../../../Project_2D5/Content/StarterContent/Props/SM_MatPreviewMesh_02.uasset" 134
"../../../Engine/Content/Functions/Engine_MaterialFunctions02/Utility/BlendAngleCorrectedNormals.uasset" 135
"../../../Project_2D5/Content/StarterContent/Textures/T_Detail_Rocky_N.uasset" 136
"../../../Project_2D5/Content/StarterContent/Textures/T_Rock_Basalt_D.uasset" 137
"../../../Project_2D5/Content/StarterContent/Textures/T_RockMesh_M.uasset" 138
"../../../Project_2D5/Content/StarterContent/Textures/T_RockMesh_N.uasset" 139
"../../../Project_2D5/Content/StarterContent/Props/Materials/M_Rock.uasset" 140
"../../../Project_2D5/Content/StarterContent/Props/SM_Rock.uasset" 141
"../../../Project_2D5/Content/StarterContent/Textures/T_Shelf_M.uasset" 142
"../../../Project_2D5/Content/StarterContent/Textures/T_Shelf_N.uasset" 143
"../../../Project_2D5/Content/StarterContent/Props/Materials/M_Shelf.uasset" 144
"../../../Project_2D5/Content/StarterContent/Props/SM_Shelf.uasset" 145
"../../../Project_2D5/Content/StarterContent/Materials/M_Basic_Floor.uasset" 146
"../../../Project_2D5/Content/StarterContent/Props/SM_Stairs.uasset" 147
"../../../Project_2D5/Content/StarterContent/Shapes/Shape_Cone.uasset" 148
"../../../Project_2D5/Content/StarterContent/Shapes/Shape_Cylinder.uasset" 149
"../../../Project_2D5/Content/StarterContent/Shapes/Shape_NarrowCapsule.uasset" 150
"../../../Project_2D5/Content/StarterContent/Shapes/Shape_Pipe.uasset" 151
"../../../Project_2D5/Content/StarterContent/Shapes/Shape_Pipe_180.uasset" 152
"../../../Project_2D5/Content/StarterContent/Shapes/Shape_Pipe_90.uasset" 153
"../../../Project_2D5/Content/StarterContent/Shapes/Shape_Plane.uasset" 154
"../../../Project_2D5/Content/StarterContent/Shapes/Shape_Torus.uasset" 155
"../../../Project_2D5/Content/StarterContent/Shapes/Shape_Trim.uasset" 156
"../../../Project_2D5/Content/StarterContent/Shapes/Shape_Trim_90_In.uasset" 157
"../../../Project_2D5/Content/StarterContent/Shapes/Shape_Trim_90_Out.uasset" 158
"../../../Project_2D5/Content/StarterContent/Shapes/Shape_TriPyramid.uasset" 159
"../../../Project_2D5/Content/StarterContent/Shapes/Shape_Tube.uasset" 160
"../../../Project_2D5/Content/StarterContent/Shapes/Shape_Wedge_A.uasset" 161
"../../../Project_2D5/Content/StarterContent/Shapes/Shape_Wedge_B.uasset" 162
"../../../Project_2D5/Content/StarterContent/Shapes/Shape_WideCapsule.uasset" 163
"../../../Project_2D5/Content/TwinStick/Meshes/BaseMaterial.uasset" 164
"../../../Project_2D5/Content/TwinStick/Meshes/OrangeMaterial.uasset" 165
"../../../Project_2D5/Content/TwinStick/Meshes/TwinStickProjectile.uasset" 166
"../../../Project_2D5/Content/Animation/Object/Character_NPC_Bob/M_Bob.uasset" 167
"../../../Engine/Content/Functions/Engine_MaterialFunctions01/Density/ExponentialDensity.uasset" 168
"../../../Engine/Content/Functions/Engine_MaterialFunctions01/Gradient/RadialGradientExponential.uasset" 169
"../../../Project_2D5/Content/Shaders/Selection.uasset" 170
"../../../Project_2D5/Content/Shaders/SpeedUP.uasset" 171
"../../../Engine/Content/Functions/Engine_MaterialFunctions01/Opacity/CameraDepthFade.uasset" 172
"../../../Engine/Content/EngineMaterials/T_Default_Material_Grid_M.uasset" 173
"../../../Engine/Content/EngineMaterials/T_Default_Material_Grid_N.uasset" 174
"../../../Engine/Content/EngineMaterials/WorldGridMaterial.uasset" 175
"../../../Engine/Content/BasicShapes/Plane.uasset" 176
"../../../Project_2D5/Content/Animation/Object/Character1_Pickup/pickup_1.uasset" 177
"../../../Project_2D5/Content/Animation/Object/Character1_Pickup/pickup_2.uasset" 178
"../../../Project_2D5/Content/Animation/Object/Character1_Pickup/pickup_3.uasset" 179
"../../../Project_2D5/Content/Animation/Object/Character1_Throw/throw_1.uasset" 180
"../../../Project_2D5/Content/Animation/Object/Character1_Throw/throw_2.uasset" 181
"../../../Project_2D5/Content/Animation/Object/Character1_Throw/throw_3.uasset" 182
"../../../Project_2D5/Content/Animation/Object/Character1_Throw/throw_4.uasset" 183
"../../../Project_2D5/Content/Animation/Object/Character1_Walkandturn/Walkturn_1.uasset" 184
"../../../Project_2D5/Content/Animation/Object/Character1_Walkandturn/walkturn_2.uasset" 185
"../../../Project_2D5/Content/Animation/Object/Character1_Walkandturn/walkturn_3.uasset" 186
"../../../Project_2D5/Content/Animation/Object/Character1_Walkandturn/walkturn_4.uasset" 187
"../../../Project_2D5/Content/Animation/Object/Character_NPC_Bob/Bob_Walk_1.uasset" 188
"../../../Project_2D5/Content/Animation/Object/Character_NPC_Bob/Bob_Walk_2.uasset" 189
"../../../Project_2D5/Content/Animation/Object/Character_NPC_Bob/Bob_Walk_3.uasset" 190
"../../../Project_2D5/Content/Animation/Object/Character_NPC_Bob/Bob_Walk_4.uasset" 191
"../../../Project_2D5/Content/TwinStickBP/Blueprints/BP_Falldown.uasset" 192
"../../../Project_2D5/Content/Animation/Object/Character1_Knockdown/M_Knockdown.uasset" 193
"../../../Project_2D5/Content/Animation/Object/Character1_Knockdown/palette.uasset" 194
"../../../Project_2D5/Content/Animation/Object/Character1_Knockdown/Knock_down_1.uasset" 195
"../../../Project_2D5/Content/Animation/Object/Character1_Knockdown/Knock_down_2.uasset" 196
"../../../Project_2D5/Content/Animation/Object/Character1_Knockdown/Knock_down_3.uasset" 197
"../../../Project_2D5/Content/Animation/Object/Character1_Knockdown/Knock_down_4.uasset" 198
"../../../Project_2D5/Content/TwinStickBP/Blueprints/BP_Knockdown.uasset" 199
"../../../Project_2D5/Content/Animation/Object/Character_Ben/M_Bne.uasset" 200
"../../../Project_2D5/Content/Animation/Object/Character_Ben/ben1.uasset" 201
"../../../Project_2D5/Content/Animation/Object/Character_Ben/ben2.uasset" 202
"../../../Project_2D5/Content/Animation/Object/Character_Ben/ben3.uasset" 203
"../../../Project_2D5/Content/Animation/Object/Character_Ben/ben4.uasset" 204
"../../../Project_2D5/Content/TwinStickBP/Blueprints/BP_NPC_Ben1.uasset" 205
"../../../Project_2D5/Content/TwinStickBP/Blueprints/BP_NPC_Bob1.uasset" 206
"../../../Project_2D5/Content/Animation/Object/Character1_Win/T_victory_2.uasset" 207
"../../../Project_2D5/Content/Animation/Object/Character1_Win/palette.uasset" 208
"../../../Project_2D5/Content/Animation/Object/Character1_Win/victory_1.uasset" 209
"../../../Project_2D5/Content/Animation/Object/Character1_Win/victory_2.uasset" 210
"../../../Project_2D5/Content/TwinStickBP/Blueprints/BP_Win.uasset" 211
"../../../Project_2D5/Content/Audio/AirportStrikeTitle2_01.uasset" 212
"../../../Project_2D5/Content/TwinStickBP/Blueprints/bgMusic.uasset" 213
"../../../Project_2D5/Content/TwinStickBP/Blueprints/GameInstance.uasset" 214
"../../../Project_2D5/Content/StarterContent/Props/MaterialSphere.uasset" 215
"../../../Project_2D5/Content/TwinStickBP/Blueprints/obstacles.uasset" 216
"../../../Engine/Content/EditorBlueprintResources/StandardMacros.uasset" 217
"../../../Project_2D5/Content/TwinStickBP/Blueprints/BP_NPC_Bob.uasset" 218
"../../../Project_2D5/Content/Animation/Object/Character_NPC_Ryan/T_Ryan.uasset" 219
"../../../Project_2D5/Content/Animation/Object/Character_NPC_Ryan/M_Ryan.uasset" 220
"../../../Project_2D5/Content/Shaders/SpeedDOWN.uasset" 221
"../../../Project_2D5/Content/Animation/Object/Character_NPC_Ryan/Ryan_Walk_1.uasset" 222
"../../../Project_2D5/Content/Animation/Object/Character_NPC_Ryan/Ryan_Walk_2.uasset" 223
"../../../Project_2D5/Content/Animation/Object/Character_NPC_Ryan/Ryan_Walk_3.uasset" 224
"../../../Project_2D5/Content/Animation/Object/Character_NPC_Ryan/Ryan_Walk_4.uasset" 225
"../../../Project_2D5/Content/TwinStickBP/Blueprints/BP_NPC_Ryan.uasset" 226
"../../../Project_2D5/Content/TwinStickBP/Blueprints/conveyorDown.uasset" 227
"../../../Project_2D5/Content/TwinStickBP/Blueprints/conveyorUp.uasset" 228
"../../../Project_2D5/Content/Material/e_luggage_big_3.uasset" 229
"../../../Project_2D5/Content/Material/Lugage3.uasset" 230
"../../../Project_2D5/Content/TwinStickBP/Blueprints/e_luggage_big_3.uasset" 231
"../../../Project_2D5/Content/TwinStickBP/Blueprints/TwinStickProjectile1.uasset" 232
"../../../Project_2D5/Content/Animation/Object/TestTexture.uasset" 233
"../../../Project_2D5/Content/Animation/Object/M_TestTecture.uasset" 234
"../../../Project_2D5/Content/Animation/Object/Character1_Hold/hold_1.uasset" 235
"../../../Project_2D5/Content/Animation/Object/Character1_HoldWalkTurn/holdturn_1.uasset" 236
"../../../Project_2D5/Content/Animation/Object/Character1_HoldWalkTurn/holdturn_2.uasset" 237
"../../../Project_2D5/Content/Animation/Object/Character1_HoldWalkTurn/holdturn_3.uasset" 238
"../../../Project_2D5/Content/Animation/Object/Character1_HoldWalkTurn/holdturn_4.uasset" 239
"../../../Project_2D5/Content/Audio/Dizzy_01.uasset" 240
"../../../Project_2D5/Content/Audio/GrabBox_01.uasset" 241
"../../../Project_2D5/Content/Audio/Voice/Player2/Player2_Throw.uasset" 242
"../../../Project_2D5/Content/TwinStickBP/Blueprints/P2.uasset" 243
"../../../Project_2D5/Content/TwinStickBP/Blueprints/TwinStickProjectile.uasset" 244
"../../../Project_2D5/Content/Animation/Texture/T_hold_1.uasset" 245
"../../../Project_2D5/Content/Animation/Material/M_Hold.uasset" 246
"../../../Project_2D5/Content/Audio/Voice/Player1/Player1_Throw.uasset" 247
"../../../Project_2D5/Content/TwinStickBP/Blueprints/P1.uasset" 248
"../../../Project_2D5/Content/TwinStickBP/Blueprints/suitcase.uasset" 249
"../../../Project_2D5/Content/Geometry/Meshes/1M_Cube.uasset" 250
"../../../Project_2D5/Content/TwinStickBP/Blueprints/PLayer2.uasset" 251
"../../../Project_2D5/Content/TwinStickBP/Blueprints/PLayer1.uasset" 252
"../../../Project_2D5/Content/TwinStickBP/Maps/Round21_BuiltData.uasset" 253
"../../../Project_2D5/Content/TwinStickBP/Maps/Round22_BuiltData.uasset" 254
"../../../Project_2D5/Content/TwinStickBP/Maps/Round3_BuiltData.uasset" 255
"../../../Project_2D5/Content/TwinStickBP/Maps/TwinStickExampleMap_BuiltData.uasset" 256
"../../../Project_2D5/Content/TwinStickBP/TitleScreen/TitleScreenBackground.uasset" 257
"../../../Project_2D5/Content/TwinStickBP/TitleScreen/TV_0.uasset" 258
"../../../Project_2D5/Content/TwinStickBP/TitleScreen/Buttons/PressStart01.uasset" 259
"../../../Project_2D5/Content/TwinStickBP/TitleScreen/Buttons/PressStart02.uasset" 260
"../../../Project_2D5/Content/TwinStickBP/TitleScreen/Buttons/Ready01.uasset" 261
"../../../Project_2D5/Content/TwinStickBP/TitleScreen/Buttons/Ready02.uasset" 262
"../../../Engine/Content/EngineMaterials/DefaultMaterial.uasset" 263
"../../../Engine/Content/BasicShapes/Cone.uasset" 264
"../../../Engine/Content/BasicShapes/Cube.uasset" 265
"../../../Engine/Content/BasicShapes/Cylinder.uasset" 266
"../../../Engine/Content/BasicShapes/Sphere.uasset" 267
"../../../Engine/Content/EditorLandscapeResources/DataLayer.uasset" 268
"../../../Engine/Content/EditorMaterials/GizmoMaterial.uasset" 269
"../../../Engine/Content/EditorMaterials/MAT_Groups_Toggle.uasset" 270
"../../../Engine/Content/EditorMaterials/MAT_Groups_Visibility.uasset" 271
"../../../Engine/Content/EditorMaterials/PreviewShadowIndicator.uasset" 272
"../../../Engine/Content/EditorMaterials/PreviewShadowIndicatorMaterial.uasset" 273
"../../../Engine/Content/EditorMaterials/AssetViewer/EpicQuadPanorama_CC+EV1.uasset" 274
"../../../Engine/Content/EditorMaterials/MatineeGroups/MAT_ColorTrack.uasset" 275
"../../../Engine/Content/EditorMaterials/MatineeGroups/MAT_Groups_Anim.uasset" 276
"../../../Engine/Content/EditorMaterials/MatineeGroups/MAT_Groups_AudioMaster.uasset" 277
"../../../Engine/Content/EditorMaterials/MatineeGroups/MAT_Groups_Director.uasset" 278
"../../../Engine/Content/EditorMaterials/MatineeGroups/MAT_Groups_Event.uasset" 279
"../../../Engine/Content/EditorMaterials/MatineeGroups/MAT_Groups_Fade.uasset" 280
"../../../Engine/Content/EditorMaterials/MatineeGroups/MAT_Groups_Float.uasset" 281
"../../../Engine/Content/EditorMaterials/MatineeGroups/MAT_Groups_Move.uasset" 282
"../../../Engine/Content/EditorMaterials/MatineeGroups/MAT_Groups_Slomo.uasset" 283
"../../../Engine/Content/EditorMaterials/MatineeGroups/MAT_Groups_Sound.uasset" 284
"../../../Engine/Content/EditorMaterials/MatineeGroups/MAT_Groups_Vector.uasset" 285
"../../../Engine/Content/EditorMaterials/ParticleSystems/PSysThumbnail_NoImage.uasset" 286
"../../../Engine/Content/EditorMaterials/ParticleSystems/PSysThumbnail_OOD.uasset" 287
"../../../Engine/Content/EditorMaterials/Camera/CineMat.uasset" 288
"../../../Engine/Content/EditorMaterials/Camera/MI_CineMat_Rig.uasset" 289
"../../../Engine/Content/EditorMeshes/Camera/SM_CraneRig_Arm.uasset" 290
"../../../Engine/Content/EditorMeshes/Camera/SM_CraneRig_Base.uasset" 291
"../../../Engine/Content/EditorMeshes/Camera/SM_CraneRig_Body.uasset" 292
"../../../Engine/Content/EditorMeshes/Camera/SM_CraneRig_Mount.uasset" 293
"../../../Engine/Content/EditorMeshes/Camera/SM_RailRig_Mount.uasset" 294
"../../../Engine/Content/EditorMeshes/Camera/SM_RailRig_Track.uasset" 295
"../../../Engine/Content/EditorResources/BSPVertex.uasset" 296
"../../../Engine/Content/EditorResources/EmptyActor.uasset" 297
"../../../Engine/Content/EditorResources/S_Actor.uasset" 298
"../../../Engine/Content/EditorResources/S_Trigger.uasset" 299
"../../../Engine/Content/EditorResources/AudioIcons/S_AudioComponent.uasset" 300
"../../../Engine/Content/EditorResources/AudioIcons/S_AudioComponent_AutoActivate.uasset" 301
"../../../Engine/Content/EditorResources/LightIcons/S_LightError.uasset" 302
"../../../Engine/Content/EditorResources/SequenceRecorder/Countdown.uasset" 303
"../../../Engine/Content/EditorResources/SequenceRecorder/RecordingIndicator.uasset" 304
"../../../Engine/Content/EditorSounds/Notifications/CompileFailed.uasset" 305
"../../../Engine/Content/EditorSounds/Notifications/CompileFailed_Cue.uasset" 306
"../../../Engine/Content/EditorSounds/Notifications/CompileSuccess.uasset" 307
"../../../Engine/Content/EditorSounds/Notifications/CompileStart_Cue.uasset" 308
"../../../Engine/Content/EditorSounds/Notifications/CompileSuccess_Cue.uasset" 309
"../../../Engine/Content/EngineDamageTypes/DmgTypeBP_Environmental.uasset" 310
"../../../Engine/Content/EngineDebugMaterials/HeatmapGradient.uasset" 311
"../../../Engine/Content/EngineDebugMaterials/BoneWeightMaterial.uasset" 312
"../../../Engine/Content/EngineDebugMaterials/ClothMaterial.uasset" 313
"../../../Engine/Content/EngineDebugMaterials/ClothMaterial_WF.uasset" 314
"../../../Engine/Content/EngineDebugMaterials/DebugEditorMaterial.uasset" 315
"../../../Engine/Content/EngineDebugMaterials/DebugMeshMaterial.uasset" 316
"../../../Engine/Content/EngineDebugMaterials/GeomMaterial.uasset" 317
"../../../Engine/Content/EngineFonts/Faces/RobotoBold.uasset" 318
"../../../Engine/Content/EngineFonts/Faces/RobotoBoldItalic.uasset" 319
"../../../Engine/Content/EngineFonts/Faces/RobotoItalic.uasset" 320
"../../../Engine/Content/EngineFonts/Faces/RobotoLight.uasset" 321
"../../../Engine/Content/EngineFonts/Faces/RobotoRegular.uasset" 322
"../../../Engine/Content/EngineFonts/Roboto.uasset" 323
"../../../Engine/Content/EngineFonts/Faces/RobotoTiny.uasset" 324
"../../../Engine/Content/EngineFonts/RobotoTiny.uasset" 325
"../../../Engine/Content/EngineMaterials/DefaultBloomKernel.uasset" 326
"../../../Engine/Content/EngineMaterials/DefaultBokeh.uasset" 327
"../../../Engine/Content/EngineMaterials/DefaultDiffuse.uasset" 328
"../../../Engine/Content/EngineMaterials/DefaultDeferredDecalMaterial.uasset" 329
"../../../Engine/Content/EngineMaterials/DefaultLightFunctionMaterial.uasset" 330
"../../../Engine/Content/EngineMaterials/DefaultPhysicalMaterial.uasset" 331
"../../../Engine/Content/Functions/Engine_MaterialFunctions02/Utility/BreakOutFloat2Components.uasset" 332
"../../../Engine/Content/EngineMaterials/DefaultPostProcessMaterial.uasset" 333
"../../../Engine/Content/EngineFonts/RobotoDistanceField.uasset" 334
"../../../Engine/Content/EngineMaterials/DefaultTextMaterialOpaque.uasset" 335
"../../../Engine/Content/EngineMaterials/DefaultWhiteGrid.uasset" 336
"../../../Engine/Content/EngineMaterials/EditorBrushMaterial.uasset" 337
"../../../Engine/Content/EngineMaterials/Good64x64TilingNoiseHighFreq.uasset" 338
"../../../Engine/Content/EngineMaterials/MiniFont.uasset" 339
"../../../Engine/Content/EngineMaterials/InvalidLightmapSettings.uasset" 340
"../../../Engine/Content/EngineMaterials/M_InvalidLightmapSettings.uasset" 341
"../../../Engine/Content/EngineMaterials/PhAT_JointLimitMaterial.uasset" 342
"../../../Engine/Content/EngineMaterials/PreintegratedSkinBRDF.uasset" 343
"../../../Engine/Content/EngineMaterials/RemoveSurfaceMaterial.uasset" 344
"../../../Engine/Content/EngineMaterials/WeightMapPlaceholderTexture.uasset" 345
"../../../Engine/Content/EngineResources/WhiteSquareTexture.uasset" 346
"../../../Engine/Content/EngineMaterials/Widget3DPassThrough.uasset" 347
"../../../Engine/Content/EngineMaterials/Widget3DPassThrough_Masked.uasset" 348
"../../../Engine/Content/EngineMaterials/Widget3DPassThrough_Opaque.uasset" 349
"../../../Engine/Content/EngineMaterials/Widget3DPassThrough_Masked_OneSided.uasset" 350
"../../../Engine/Content/EngineMaterials/Widget3DPassThrough_Opaque_OneSided.uasset" 351
"../../../Engine/Content/EngineMaterials/Widget3DPassThrough_Translucent.uasset" 352
"../../../Engine/Content/EngineMaterials/Widget3DPassThrough_Translucent_OneSided.uasset" 353
"../../../Engine/Content/EngineMeshes/Cube.uasset" 354
"../../../Engine/Content/EngineMeshes/Cylinder.uasset" 355
"../../../Engine/Content/EngineMeshes/Sphere.uasset" 356
"../../../Engine/Content/EngineResources/Black.uasset" 357
"../../../Engine/Content/EngineResources/DefaultTexture.uasset" 358
"../../../Engine/Content/EngineResources/DefaultTextureCube.uasset" 359
"../../../Engine/Content/EngineResources/GradientTexture0.uasset" 360
"../../../Engine/Content/EngineSounds/Master.uasset" 361
"../../../Engine/Content/Functions/Engine_MaterialFunctions01/Shading/ConvertFromDiffSpec.uasset" 362
"../../../Engine/Content/Functions/Engine_MaterialFunctions01/Shading/PowerToRoughness.uasset" 363
"../../../Engine/Content/Maps/Templates/Thumbnails/Default.uasset" 364
"../../../Engine/Content/Maps/Templates/Thumbnails/VR-Basic.uasset" 365
"../../../Engine/Content/MobileResources/T_MobileControls_texture.uasset" 366
"../../../Engine/Content/MobileResources/T_MobileMenu2.uasset" 367
"../../../Engine/Content/MobileResources/HUD/AnalogHat.uasset" 368
"../../../Engine/Content/MobileResources/HUD/VirtualJoystick_Background.uasset" 369
"../../../Engine/Content/MobileResources/HUD/VirtualJoystick_Thumb.uasset" 370
"../../../Engine/Content/MobileResources/HUD/DefaultVirtualJoysticks.uasset" 371
"../../../Engine/Content/MobileResources/HUD/LeftVirtualJoystickOnly.uasset" 372
"../../../Engine/Content/MobileResources/HUD/MobileHUDButton1_off.uasset" 373
"../../../Engine/Content/MobileResources/HUD/MobileHUDButton1_on.uasset" 374
"../../../Engine/Content/MobileResources/HUD/MobileHUDButton2_off.uasset" 375
"../../../Engine/Content/MobileResources/HUD/MobileHUDButton2_on.uasset" 376
"../../../Engine/Content/MobileResources/HUD/MobileHUDButton3.uasset" 377
"../../../Engine/Content/MobileResources/HUD/MobileHUDButtonFire.uasset" 378
"../../../Engine/Content/MobileResources/HUD/MobileHUDDirectionPad.uasset" 379
"../../../Engine/Content/MobileResources/HUD/MobileHUDDirectionPad2.uasset" 380
"../../../Engine/Content/MobileResources/HUD/MobileHUDDirectionPad3.uasset" 381
"../../../Engine/Content/MobileResources/HUD/MobileHUDDirectionStick.uasset" 382
"../../../Engine/Content/MobileResources/HUD/T_Castle_ThumbstickInner.uasset" 383
"../../../Engine/Content/MobileResources/HUD/T_Castle_ThumbstickOutter.uasset" 384
"../../../Engine/Content/Tutorial/ContentIntroCurve.uasset" 385
"../../../Engine/Content/Tutorial/Basics/TutorialAssets/icon_tab_Levels_40x.uasset" 386
"../../../Engine/Content/Tutorial/BlueprintTutorials/TutorialAssets/BlueprintInterface_64x.uasset" 387
"../../../Engine/Content/Tutorial/BlueprintTutorials/TutorialAssets/BlueprintMacroLibrary_64x.uasset" 388
"../../../Engine/Content/Tutorial/BlueprintTutorials/TutorialAssets/Blueprint_64x.uasset" 389
"../../../Engine/Content/Tutorial/BlueprintTutorials/TutorialAssets/Tutorial_BP_Interface.uasset" 390
"../../../Engine/Content/Tutorial/Foliage/TutorialAssets/Foliage.uasset" 391
"../../../Engine/Content/Tutorial/Landscape/TutorialAssets/Landscape.uasset" 392
"../../../Engine/Content/Tutorial/Paper2D/TutorialAssets/Paper2DFlipbook_TutorialIcon.uasset" 393
"../../../Engine/Content/Tutorial/Paper2D/TutorialAssets/Paper2DSprite_TutorialIcon.uasset" 394
"../../../Engine/Content/Tutorial/SubEditors/TutorialAssets/icon_Editor_Preferences_General_40x.uasset" 395
"../../../Engine/Content/Tutorial/SubEditors/TutorialAssets/icon_ShowSkeletalMeshes_40x.uasset" 396
"../../../Engine/Content/Tutorial/SubEditors/TutorialAssets/TutorialMaterial.uasset" 397
"../../../Engine/Content/Tutorial/SubEditors/TutorialAssets/T_SmokeSubUV_8X8.uasset" 398
"../../../Engine/Content/Tutorial/SubEditors/TutorialAssets/T_soft_smoke.uasset" 399
"../../../Engine/Content/Tutorial/SubEditors/TutorialAssets/M_smoke_subUV_blackbody.uasset" 400
"../../../Engine/Content/Tutorial/SubEditors/TutorialAssets/TutorialParticleSystem.uasset" 401
"../../../Engine/Content/EditorMeshes/EditorCube.uasset" 402
"../../../Engine/Content/Tutorial/SubEditors/TutorialAssets/Tutorial_DM.uasset" 403
"../../../Engine/Content/VREditor/Devices/Generic/GenericHMDMaterial.uasset" 404
"../../../Engine/Content/VREditor/Devices/Generic/GenericHMD.uasset" 405
"../../../Engine/Content/VREditor/FloatingText/LineMaterial.uasset" 406
"../../../Engine/Content/VREditor/FloatingText/JointSphere.uasset" 407
"../../../Engine/Content/VREditor/FloatingText/LineSegmentCylinder.uasset" 408
"../../../Engine/Content/VREditor/Fonts/VRText_RobotoLarge.uasset" 409
"../../../Engine/Content/VREditor/Fonts/VRTextMaterial.uasset" 410
"../../../Engine/Content/VREditor/Fonts/TranslucentVRTextMaterial.uasset" 411
"../../../Engine/Content/VREditor/LaserPointer/CursorPointer.uasset" 412
"../../../Engine/Content/VREditor/LaserPointer/VR_LaserPower_01.uasset" 413
"../../../Engine/Content/VREditor/TransformGizmo/TransformGizmoMaterial.uasset" 414
"../../../Engine/Content/VREditor/LaserPointer/HoverMaterial.uasset" 415
"../../../Engine/Content/VREditor/TransformGizmo/TranslucentTransformGizmoMaterial.uasset" 416
"../../../Engine/Content/VREditor/LaserPointer/TranslucentHoverMaterial.uasset" 417
"../../../Engine/Content/VREditor/LaserPointer/HoverMesh.uasset" 418
"../../../Engine/Content/VREditor/LaserPointer/LaserPointerMaterial.uasset" 419
"../../../Engine/Content/VREditor/LaserPointer/LaserPointerMaterialInst.uasset" 420
"../../../Engine/Content/VREditor/LaserPointer/TranslucentLaserPointerMaterialInst.uasset" 421
"../../../Engine/Content/VREditor/LaserPointer/LaserPointerMesh.uasset" 422
"../../../Engine/Content/VREditor/LaserPointer/LaserPointerMesh_End.uasset" 423
"../../../Engine/Content/VREditor/LaserPointer/LaserPointerMesh_Start.uasset" 424
"../../../Engine/Content/Functions/Engine_MaterialFunctions02/Utility/BreakOutFloat3Components.uasset" 425
"../../../Engine/Content/Functions/Engine_MaterialFunctions02/Math/Transform3x3Matrix.uasset" 426
"../../../Engine/Content/Functions/Engine_MaterialFunctions02/SplitComponents.uasset" 427
"../../../Engine/Content/Functions/Engine_MaterialFunctions02/Utility/MakeFloat3.uasset" 428
"../../../Engine/Content/VREditor/SnapGrid/SnapGridMaterial.uasset" 429
"../../../Engine/Content/VREditor/SnapGrid/SnapGridPlaneMesh.uasset" 430
"../../../Engine/Content/VREditor/Sounds/VR_teleport.uasset" 431
"../../../Engine/Content/VREditor/Sounds/UI/Click_on_Button_Cue.uasset" 432
"../../../Engine/Content/VREditor/Sounds/UI/Dockable_Window_Close.uasset" 433
"../../../Engine/Content/VREditor/Sounds/UI/Dockable_Window_Drop.uasset" 434
"../../../Engine/Content/VREditor/Sounds/UI/Dockable_Window_Open.uasset" 435
"../../../Engine/Content/VREditor/Sounds/UI/Dockable_Window_Pick_Up.uasset" 436
"../../../Engine/Content/VREditor/Sounds/UI/Drop_Item_From_ContentBrowser.uasset" 437
"../../../Engine/Content/VREditor/Sounds/UI/Floating_UI_Open-001.uasset" 438
"../../../Engine/Content/VREditor/Sounds/UI/Gizmo_Handle_Clicked.uasset" 439
"../../../Engine/Content/VREditor/Sounds/UI/Object_PickUp.uasset" 440
"../../../Engine/Content/VREditor/Sounds/UI/Object_Snaps_To_Another_Actor.uasset" 441
"../../../Engine/Content/VREditor/Sounds/UI/Object_Snaps_To_Grid.uasset" 442
"../../../Engine/Content/VREditor/Sounds/UI/Radial_Menu_FadeOut.uasset" 443
"../../../Engine/Content/VREditor/Sounds/UI/Scaling_Down.uasset" 444
"../../../Engine/Content/VREditor/Sounds/UI/Scaling_Up.uasset" 445
"../../../Engine/Content/VREditor/Sounds/UI/Selection_Changes.uasset" 446
"../../../Engine/Content/VREditor/Sounds/UI/Teleport_Mode_Entered.uasset" 447
"../../../Engine/Content/VREditor/Teleport/TeleportDirectionMaterial.uasset" 448
"../../../Engine/Content/VREditor/Teleport/TeleportDirectionMaterial_Inst.uasset" 449
"../../../Engine/Content/VREditor/Teleport/TeleportDirectionMesh.uasset" 450
"../../../Engine/Content/VREditor/TransformGizmo/BoundingBoxCorner.uasset" 451
"../../../Engine/Content/VREditor/TransformGizmo/BoundingBoxEdge.uasset" 452
"../../../Engine/Content/VREditor/TransformGizmo/PlaneTranslationHandle.uasset" 453
"../../../Engine/Content/VREditor/TransformGizmo/RotationHandleFull.uasset" 454
"../../../Engine/Content/VREditor/TransformGizmo/RotationHandleIndicator.uasset" 455
"../../../Engine/Content/VREditor/TransformGizmo/RotationHandleQuarter.uasset" 456
"../../../Engine/Content/VREditor/TransformGizmo/Main.uasset" 457
"../../../Engine/Content/VREditor/TransformGizmo/Xray.uasset" 458
"../../../Engine/Content/VREditor/TransformGizmo/SM_Dialog_Close.uasset" 459
"../../../Engine/Content/VREditor/TransformGizmo/SM_Dialog_Move.uasset" 460
"../../../Engine/Content/VREditor/TransformGizmo/SM_Sequencer_Key.uasset" 461
"../../../Engine/Content/VREditor/TransformGizmo/StartRotationHandleIndicator.uasset" 462
"../../../Engine/Content/VREditor/TransformGizmo/TranslucentTransformGizmoMaterial_Inst.uasset" 463
"../../../Engine/Content/VREditor/TransformGizmo/TransformGizmoFreeRotation.uasset" 464
"../../../Engine/Content/VREditor/TransformGizmo/TransformGizmoMaterial_Inst.uasset" 465
"../../../Engine/Content/VREditor/TransformGizmo/TranslateArrowHandle.uasset" 466
"../../../Engine/Content/VREditor/TransformGizmo/UniformScaleHandle.uasset" 467
"../../../Engine/Content/VREditor/UI/KeyDiskMaterial.uasset" 468
"../../../Engine/Content/VREditor/UI/DiscMaterial.uasset" 469
"../../../Engine/Content/VREditor/UI/SM_Radial_Disk.uasset" 470
"../../../Engine/Content/VREditor/WorldMovementGrid/SimpleGrid.uasset" 471
"../../../Engine/Content/VREditor/WorldMovementGrid/GridMaterial.uasset" 472
"../../../Engine/Content/VREditor/WorldMovementGrid/GridPostProcess.uasset" 473
"../../../Engine/Content/EditorLandscapeResources/FlattenHeightMat.uasset" 474
"../../../Engine/Content/VREditor/WorldMovementGrid/PlaneMesh.uasset" 475
"../../../Engine/Plugins/2D/Paper2D/Content/PlaceholderTextures/DummySpriteTexture.uasset" 476
"../../../Engine/Plugins/2D/Paper2D/Content/DummySprite.uasset" 477
"../../../Engine/Plugins/2D/Paper2D/Content/DefaultPaperTerrainMaterial.uasset" 478
"../../../Engine/Plugins/2D/Paper2D/Content/DefaultSpriteMaterial.uasset" 479
"../../../Engine/Plugins/2D/Paper2D/Content/MaskedUnlitSpriteMaterial.uasset" 480
"../../../Engine/Plugins/2D/Paper2D/Content/OpaqueUnlitSpriteMaterial.uasset" 481
"../../../Engine/Plugins/Runtime/Oculus/OculusVR/Content/Textures/GearVRController_AO.uasset" 482
"../../../Engine/Plugins/Runtime/Oculus/OculusVR/Content/Textures/GearVRController_Color.uasset" 483
"../../../Engine/Plugins/Runtime/Oculus/OculusVR/Content/Textures/GearVRController_Normal.uasset" 484
"../../../Engine/Plugins/Runtime/Oculus/OculusVR/Content/Materials/GearVRControllerMaterial.uasset" 485
"../../../Engine/Plugins/Runtime/Oculus/OculusVR/Content/Meshes/GearVrController.uasset" 486
"../../../Engine/Content/EngineSky/C_Sky_Cloud_Color.uasset" 487
"../../../Engine/Content/EngineSky/C_Sky_Horizon_Color.uasset" 488
"../../../Engine/Content/EngineSky/C_Sky_Zenith_Color.uasset" 489
"../../../Engine/Content/EngineSky/T_Sky_Blue.uasset" 490
"../../../Engine/Content/EngineSky/T_Sky_Clouds_M.uasset" 491
"../../../Engine/Content/EngineSky/T_Sky_Stars.uasset" 492
"../../../Engine/Content/EngineSky/M_Sky_Panning_Clouds2.uasset" 493
"../../../Engine/Content/EngineSky/SM_SkySphere.uasset" 494
"../../../Engine/Content/EngineSky/BP_Sky_Sphere.uasset" 495
"../../../Project_2D5/Content/AnimationMap_BuiltData.uasset" 496
"../../../Engine/Content/MapTemplates/SM_Template_Map_Floor.uasset" 497
"../../../Project_2D5/Content/AnimationMap.umap" 498
"../../../Project_2D5/Content/Box.uasset" 499
"../../../Project_2D5/Content/TwinStickBP/Blueprints/BP_Character2Test.uasset" 500
"../../../Project_2D5/Content/Animation/Object/ConveyorBelt/e_conveyorBelt_003.uasset" 501
"../../../Project_2D5/Content/Animation/Object/ConveyorBelt/M_ConveyorBelt.uasset" 502
"../../../Project_2D5/Content/Animation/Object/ConveyorBelt/defaultMat.uasset" 503
"../../../Project_2D5/Content/Animation/Object/ConveyorBelt/conveyorBelt_001.uasset" 504
"../../../Project_2D5/Content/Animation/Object/ConveyorBelt/conveyorBelt_002.uasset" 505
"../../../Project_2D5/Content/Animation/Object/ConveyorBelt/conveyorBelt_003.uasset" 506
"../../../Project_2D5/Content/TwinStickBP/Blueprints/BP_ConveyDown.uasset" 507
"../../../Project_2D5/Content/Animation/Object/ConveyorBeltUp/initialShadingGroup.uasset" 508
"../../../Project_2D5/Content/Animation/Object/ConveyorBeltUp/NconveyorBelt_001.uasset" 509
"../../../Project_2D5/Content/Animation/Object/ConveyorBeltUp/e_conveyorBelt_002.uasset" 510
"../../../Project_2D5/Content/Animation/Object/ConveyorBeltUp/M_Convery.uasset" 511
"../../../Project_2D5/Content/Animation/Object/ConveyorBeltUp/NconveyorBelt_002.uasset" 512
"../../../Project_2D5/Content/Animation/Object/ConveyorBeltUp/NconveyorBelt_003.uasset" 513
"../../../Project_2D5/Content/TwinStickBP/Blueprints/BP_ConveyUp.uasset" 514
"../../../Project_2D5/Content/AnimationMap_120317_BuiltData.uasset" 515
"../../../Project_2D5/Content/AnimationMap_120317.umap" 516
"../../../Project_2D5/Content/TwinStickBP/Blueprints/BP_NPC_Ben.uasset" 517
"../../../Project_2D5/Content/Animation/Object/Character_NPC_Bob_angry/M_Bob_Angry_2.uasset" 518
"../../../Project_2D5/Content/Animation/Object/Character_NPC_Bob_angry/palette.uasset" 519
"../../../Project_2D5/Content/Animation/Object/Character_NPC_Bob_angry/Bob_Angry_1.uasset" 520
"../../../Project_2D5/Content/Animation/Object/Character_NPC_Bob_angry/Bob_Angry_2.uasset" 521
"../../../Project_2D5/Content/Animation/Object/Character_NPC_Bob_angry/Bob_Angry_3.uasset" 522
"../../../Project_2D5/Content/Animation/Object/Character_NPC_Bob_angry/Bob_Angry_4.uasset" 523
"../../../Project_2D5/Content/TwinStickBP/Blueprints/BP_NPC_Bob_angry.uasset" 524
"../../../Project_2D5/Content/Animation/Object/Character_NPC_Dengdeng/T_Deng.uasset" 525
"../../../Project_2D5/Content/Animation/Object/Character_NPC_Dengdeng/M_Deng.uasset" 526
"../../../Project_2D5/Content/Animation/Object/Character_NPC_Dengdeng/deng1.uasset" 527
"../../../Project_2D5/Content/Animation/Object/Character_NPC_Dengdeng/deng2.uasset" 528
"../../../Project_2D5/Content/Animation/Object/Character_NPC_Dengdeng/deng3.uasset" 529
"../../../Project_2D5/Content/Animation/Object/Character_NPC_Dengdeng/deng4.uasset" 530
"../../../Project_2D5/Content/TwinStickBP/Blueprints/BP_NPC_deng.uasset" 531
"../../../Project_2D5/Content/Animation/Object/Character_ZZT/T_Zhitao4.uasset" 532
"../../../Project_2D5/Content/Animation/Object/Character_ZZT/M_Zhitao.uasset" 533
"../../../Project_2D5/Content/Animation/Object/Character_Nick/T_Nick.uasset" 534
"../../../Project_2D5/Content/Animation/Object/Character_Nick/M_Nick.uasset" 535
"../../../Project_2D5/Content/Animation/Object/Character_Nick/nick1.uasset" 536
"../../../Project_2D5/Content/Animation/Object/Character_Nick/nick2.uasset" 537
"../../../Project_2D5/Content/Animation/Object/Character_Nick/nick3.uasset" 538
"../../../Project_2D5/Content/Animation/Object/Character_Nick/nick4.uasset" 539
"../../../Project_2D5/Content/TwinStickBP/Blueprints/BP_NPC_Nick.uasset" 540
"../../../Project_2D5/Content/Animation/Object/Character_NPC_Ryan_angry/T_Ryan_angry_2.uasset" 541
"../../../Project_2D5/Content/Animation/Object/Character_NPC_Ryan_angry/M_Ryan_ANGRY.uasset" 542
"../../../Project_2D5/Content/Animation/Object/Character_NPC_Ryan_angry/Ryan_angry_1.uasset" 543
"../../../Project_2D5/Content/Animation/Object/Character_NPC_Ryan_angry/Ryan_angry_2.uasset" 544
"../../../Project_2D5/Content/Animation/Object/Character_NPC_Ryan_angry/Ryan_angry_3.uasset" 545
"../../../Project_2D5/Content/Animation/Object/Character_NPC_Ryan_angry/Ryan_angry_4.uasset" 546
"../../../Project_2D5/Content/TwinStickBP/Blueprints/BP_NPC_Ryan_angry1.uasset" 547
"../../../Project_2D5/Content/Animation/Object/Character_ZZT/Zhitao1.uasset" 548
"../../../Project_2D5/Content/Animation/Object/Character_ZZT/Zhitao2.uasset" 549
"../../../Project_2D5/Content/Animation/Object/Character_ZZT/Zhitao3.uasset" 550
"../../../Project_2D5/Content/Animation/Object/Character_ZZT/Zhitao5.uasset" 551
"../../../Project_2D5/Content/Animation/Object/Character_ZZT/palette.uasset" 552
"../../../Project_2D5/Content/Animation/Object/Character_ZZT/Zhitao4.uasset" 553
"../../../Project_2D5/Content/TwinStickBP/Blueprints/BP_NPC_ZZT.uasset" 554
"../../../Project_2D5/Content/AnimationMap_120617_BuiltData.uasset" 555
"../../../Project_2D5/Content/AnimationMap_120617.umap" 556
"../../../Project_2D5/Content/AnimationTestMap.umap" 557
"../../../Project_2D5/Content/Animation/Object/BP_TestActor_ColorTest.uasset" 558
"../../../Project_2D5/Content/AnimationTestMap_1_BuiltData.uasset" 559
"../../../Project_2D5/Content/AnimationTestMap_1.umap" 560
"../../../Project_2D5/Content/ChrisTest_BuiltData.uasset" 561
"../../../Project_2D5/Content/Shaders/Color.uasset" 562
"../../../Project_2D5/Content/Shaders/EStag.uasset" 563
"../../../Project_2D5/Content/Shaders/EUVMaterial.uasset" 564
"../../../Project_2D5/Content/Shaders/Test.uasset" 565
"../../../Project_2D5/Content/RandomContent/lambert1.uasset" 566
"../../../Project_2D5/Content/RandomContent/crappo.uasset" 567
"../../../Project_2D5/Content/RandomContent/SM_MatPreviewMesh_02.uasset" 568
"../../../Project_2D5/Content/ChrisTest.umap" 569
"../../../Project_2D5/Content/NewMap_BuiltData.uasset" 570
"../../../Project_2D5/Content/NewMap.umap" 571
"../../../Project_2D5/Content/NewMap1_BuiltData.uasset" 572
"../../../Project_2D5/Content/NewMap1.umap" 573
"../../../Project_2D5/Content/TwinStick/Audio/TwinStickFire.uasset" 574
"../../../Project_2D5/Content/TwinStick/Meshes/BlueMaterial.uasset" 575
"../../../Project_2D5/Content/TwinStick/Meshes/TwinStickUFO.uasset" 576
"../../../Project_2D5/Content/TwinStickBP/Blueprints/TwinStickPawn2.uasset" 577
"../../../Project_2D5/Content/TwinStickBP/Blueprints/TwinStickPawn.uasset" 578
"../../../Project_2D5/Content/environment_floorTile_logo_1.uasset" 579
"../../../Project_2D5/Content/environment_floorTile_logo_1_Mat.uasset" 580
"../../../Project_2D5/Content/Material/e_advertising_1_d5a.uasset" 581
"../../../Project_2D5/Content/Material/Advertising.uasset" 582
"../../../Project_2D5/Content/Material/e_autoDoor_1a.uasset" 583
"../../../Project_2D5/Content/Material/Autodoor.uasset" 584
"../../../Project_2D5/Content/Material/e_chair_1.uasset" 585
"../../../Project_2D5/Content/Material/Chair.uasset" 586
"../../../Project_2D5/Content/Material/e_column_1.uasset" 587
"../../../Project_2D5/Content/Material/Column.uasset" 588
"../../../Project_2D5/Content/Material/e_fightScreen_r1.uasset" 589
"../../../Project_2D5/Content/Material/FightScreen.uasset" 590
"../../../Project_2D5/Content/Material/e_garbage_can_1.uasset" 591
"../../../Project_2D5/Content/Material/GarbageCan.uasset" 592
"../../../Project_2D5/Content/Material/e_luggage_big_1.uasset" 593
"../../../Project_2D5/Content/Material/Luggage1.uasset" 594
"../../../Project_2D5/Content/Material/e_luggage_big_2.uasset" 595
"../../../Project_2D5/Content/Material/Luggage2.uasset" 596
"../../../Project_2D5/Content/Material/e_luggage_cart.uasset" 597
"../../../Project_2D5/Content/Material/LuggageCart.uasset" 598
"../../../Project_2D5/Content/Material/e_luggage_smallCase_1.uasset" 599
"../../../Project_2D5/Content/Material/LuggageS1.uasset" 600
"../../../Project_2D5/Content/Material/e_luggage_smallCase_2.uasset" 601
"../../../Project_2D5/Content/Material/LuggageS2.uasset" 602
"../../../Project_2D5/Content/Material/e_luggage_smallCase_3.uasset" 603
"../../../Project_2D5/Content/Material/LuggageS3.uasset" 604
"../../../Project_2D5/Content/Material/e_luggage_sports_1.uasset" 605
"../../../Project_2D5/Content/Material/LuggageSport1.uasset" 606
"../../../Project_2D5/Content/Material/e_luggage_sports_2.uasset" 607
"../../../Project_2D5/Content/Material/LuggageSport2.uasset" 608
"../../../Project_2D5/Content/Material/e_luggage_sports_3.uasset" 609
"../../../Project_2D5/Content/Material/LuggageSport3.uasset" 610
"../../../Project_2D5/Content/Material/e_plant_1a.uasset" 611
"../../../Project_2D5/Content/Material/Plant1.uasset" 612
"../../../Project_2D5/Content/Material/e_plant_2a.uasset" 613
"../../../Project_2D5/Content/Material/Plant2.uasset" 614
"../../../Project_2D5/Content/Material/e_secCam_1.uasset" 615
"../../../Project_2D5/Content/Material/SecCam1.uasset" 616
"../../../Project_2D5/Content/Material/wall.uasset" 617
"../../../Project_2D5/Content/Texture/environment_billBoard_1_landscape.uasset" 618
"../../../Project_2D5/Content/Texture/BB1.uasset" 619
"../../../Project_2D5/Content/Texture/environment_billBoard_2_perfume.uasset" 620
"../../../Project_2D5/Content/Texture/BB2.uasset" 621
"../../../Project_2D5/Content/Shaders/Go.uasset" 622
"../../../Project_2D5/Content/Shaders/Score_Default.uasset" 623
"../../../Project_2D5/Content/Shaders/Stop.uasset" 624
"../../../Project_2D5/Content/e_advertising_1_d5.uasset" 625
"../../../Project_2D5/Content/e_autoDoor_1.uasset" 626
"../../../Project_2D5/Content/e_billBoard_1_landscape.uasset" 627
"../../../Project_2D5/Content/e_billBoard_2_perfume.uasset" 628
"../../../Project_2D5/Content/e_chair_1.uasset" 629
"../../../Project_2D5/Content/e_column_1.uasset" 630
"../../../Project_2D5/Content/e_conveyorBelt_1.uasset" 631
"../../../Project_2D5/Content/e_conveyorBox_single_1.uasset" 632
"../../../Project_2D5/Content/e_fightScreen_r1.uasset" 633
"../../../Project_2D5/Content/e_floorPlane_airport_1.uasset" 634
"../../../Project_2D5/Content/e_garbage_can_1.uasset" 635
"../../../Project_2D5/Content/e_luggage_big_1.uasset" 636
"../../../Project_2D5/Content/e_luggage_big_2.uasset" 637
"../../../Project_2D5/Content/e_luggage_cart.uasset" 638
"../../../Project_2D5/Content/e_luggage_smallCase_1.uasset" 639
"../../../Project_2D5/Content/e_luggage_smallCase_2.uasset" 640
"../../../Project_2D5/Content/e_luggage_smallCase_3.uasset" 641
"../../../Project_2D5/Content/e_luggage_sports_1.uasset" 642
"../../../Project_2D5/Content/e_luggage_sports_2.uasset" 643
"../../../Project_2D5/Content/e_luggage_sports_3.uasset" 644
"../../../Project_2D5/Content/e_plant_1.uasset" 645
"../../../Project_2D5/Content/e_plant_2.uasset" 646
"../../../Project_2D5/Content/e_secCam_1.uasset" 647
"../../../Project_2D5/Content/e_secCam_2.uasset" 648
"../../../Project_2D5/Content/realAirportLevel.umap" 649
"../../../Project_2D5/Content/StarterContent/Blueprints/Assets/FogBrightnessLUT.uasset" 650
"../../../Project_2D5/Content/StarterContent/Blueprints/Assets/SunlightColorLUT.uasset" 651
"../../../Project_2D5/Content/StarterContent/Blueprints/Assets/M_LightStage_Arrows.uasset" 652
"../../../Engine/Content/MapTemplates/Sky/DaylightAmbientCubemap.uasset" 653
"../../../Project_2D5/Content/StarterContent/Blueprints/Assets/M_LightStage_Skybox_Master.uasset" 654
"../../../Project_2D5/Content/StarterContent/Blueprints/Assets/M_LightStage_Skybox_Black.uasset" 655
"../../../Project_2D5/Content/StarterContent/Blueprints/Assets/M_LightStage_Skybox_HDRI.uasset" 656
"../../../Engine/Content/EditorMaterials/Thumbnails/SkySphereMaterial.uasset" 657
"../../../Project_2D5/Content/StarterContent/Blueprints/Assets/Skybox.uasset" 658
"../../../Project_2D5/Content/StarterContent/Blueprints/Assets/SM_Arrows.uasset" 659
"../../../Project_2D5/Content/StarterContent/HDRI/HDRI_Epic_Courtyard_Daylight.uasset" 660
"../../../Project_2D5/Content/StarterContent/Blueprints/BP_LightStudio.uasset" 661
"../../../Project_2D5/Content/StarterContent/Maps/Advanced_Lighting_BuiltData.uasset" 662
"../../../Project_2D5/Content/StarterContent/Materials/M_AssetPlatform.uasset" 663
"../../../Engine/Content/EditorMeshes/ColorCalibrator/M_ChromeBall.uasset" 664
"../../../Engine/Content/EditorMeshes/ColorCalibrator/M_ClearCoat.uasset" 665
"../../../Engine/Content/EditorMeshes/ColorCalibrator/M_ClearCoatBlack.uasset" 666
"../../../Engine/Content/EditorMeshes/ColorCalibrator/M_ColorGrid.uasset" 667
"../../../Engine/Content/EditorMeshes/ColorCalibrator/M_GreyBall.uasset" 668
"../../../Engine/Content/EditorMeshes/ColorCalibrator/SM_ColorCalibrator.uasset" 669
"../../../Project_2D5/Content/StarterContent/Architecture/SM_AssetPlatform.uasset" 670
"../../../Project_2D5/Content/StarterContent/Maps/Advanced_Lighting.umap" 671
"../../../Project_2D5/Content/StarterContent/Maps/Minimal_Default_BuiltData.uasset" 672
"../../../Project_2D5/Content/StarterContent/Textures/T_MacroVariation.uasset" 673
"../../../Project_2D5/Content/StarterContent/Materials/M_Metal_Brushed_Nickel.uasset" 674
"../../../Project_2D5/Content/StarterContent/Textures/T_Metal_Aluminum_D.uasset" 675
"../../../Project_2D5/Content/StarterContent/Textures/T_Metal_Gold_N.uasset" 676
"../../../Project_2D5/Content/StarterContent/Materials/M_Metal_Burnished_Steel.uasset" 677
"../../../Project_2D5/Content/StarterContent/Textures/T_Metal_Copper_D.uasset" 678
"../../../Project_2D5/Content/StarterContent/Materials/M_Metal_Copper.uasset" 679
"../../../Project_2D5/Content/StarterContent/Textures/T_Statue_M.uasset" 680
"../../../Project_2D5/Content/StarterContent/Textures/T_Statue_N.uasset" 681
"../../../Project_2D5/Content/StarterContent/Props/Materials/M_StatueGlass.uasset" 682
"../../../Project_2D5/Content/StarterContent/Architecture/Floor_400x400.uasset" 683
"../../../Project_2D5/Content/StarterContent/Audio/Starter_Background_Cue.uasset" 684
"../../../Project_2D5/Content/StarterContent/Props/SM_Chair.uasset" 685
"../../../Project_2D5/Content/StarterContent/Props/Materials/M_Statue.uasset" 686
"../../../Project_2D5/Content/StarterContent/Props/SM_Statue.uasset" 687
"../../../Project_2D5/Content/StarterContent/Textures/T_TableRound_M.uasset" 688
"../../../Project_2D5/Content/StarterContent/Textures/T_TableRound_N.uasset" 689
"../../../Project_2D5/Content/StarterContent/Props/Materials/M_TableRound.uasset" 690
"../../../Project_2D5/Content/StarterContent/Props/SM_TableRound.uasset" 691
"../../../Project_2D5/Content/StarterContent/Maps/Minimal_Default.umap" 692
"../../../Project_2D5/Content/StarterContent/Audio/Fire01_Cue.uasset" 693
"../../../Project_2D5/Content/StarterContent/Textures/T_Fire_SubUV.uasset" 694
"../../../Project_2D5/Content/StarterContent/Textures/T_Fire_Tiled_D.uasset" 695
"../../../Project_2D5/Content/StarterContent/Particles/Materials/M_Fire_SubUV.uasset" 696
"../../../Project_2D5/Content/StarterContent/Textures/T_Water_N.uasset" 697
"../../../Project_2D5/Content/StarterContent/Particles/Materials/M_Heat_Distortion.uasset" 698
"../../../Project_2D5/Content/StarterContent/Particles/Materials/M_Radial_Gradient.uasset" 699
"../../../Project_2D5/Content/StarterContent/Particles/P_Fire.uasset" 700
"../../../Project_2D5/Content/StarterContent/Blueprints/Blueprint_Effect_Fire.uasset" 701
"../../../Project_2D5/Content/StarterContent/Audio/Smoke01_Cue.uasset" 702
"../../../Project_2D5/Content/StarterContent/Particles/P_Smoke.uasset" 703
"../../../Project_2D5/Content/StarterContent/Blueprints/Blueprint_Effect_Smoke.uasset" 704
"../../../Project_2D5/Content/StarterContent/Audio/Fire_Sparks01_Cue.uasset" 705
"../../../Project_2D5/Content/StarterContent/Textures/T_Spark_Core.uasset" 706
"../../../Project_2D5/Content/StarterContent/Particles/Materials/M_Spark.uasset" 707
"../../../Project_2D5/Content/StarterContent/Particles/P_Sparks.uasset" 708
"../../../Project_2D5/Content/StarterContent/Blueprints/Blueprint_Effect_Sparks.uasset" 709
"../../../Project_2D5/Content/StarterContent/Audio/Steam01_Cue.uasset" 710
"../../../Project_2D5/Content/StarterContent/Particles/P_Steam_Lit.uasset" 711
"../../../Project_2D5/Content/StarterContent/Blueprints/Blueprint_Effect_Steam.uasset" 712
"../../../Project_2D5/Content/StarterContent/Textures/T_Lamp_M.uasset" 713
"../../../Project_2D5/Content/StarterContent/Textures/T_Lamp_N.uasset" 714
"../../../Project_2D5/Content/StarterContent/Props/Materials/M_Lamp.uasset" 715
"../../../Project_2D5/Content/StarterContent/Props/SM_Lamp_Ceiling.uasset" 716
"../../../Project_2D5/Content/StarterContent/Blueprints/Blueprint_CeilingLight.uasset" 717
"../../../Project_2D5/Content/StarterContent/Props/SM_Lamp_Wall.uasset" 718
"../../../Project_2D5/Content/StarterContent/Blueprints/Blueprint_WallSconce.uasset" 719
"../../../Project_2D5/Content/StarterContent/Maps/StarterMap_BuiltData.uasset" 720
"../../../Engine/Content/Functions/Engine_MaterialFunctions03/Procedurals/ComputeFilterWidth.uasset" 721
"../../../Engine/Content/EngineMaterials/AntiAliasedTextMaterialTranslucent.uasset" 722
"../../../Project_2D5/Content/StarterContent/Textures/T_Brick_Clay_Beveled_D.uasset" 723
"../../../Project_2D5/Content/StarterContent/Textures/T_Brick_Clay_Beveled_M.uasset" 724
"../../../Project_2D5/Content/StarterContent/Textures/T_Brick_Clay_Beveled_N.uasset" 725
"../../../Project_2D5/Content/StarterContent/Materials/M_Brick_Clay_Beveled.uasset" 726
"../../../Project_2D5/Content/StarterContent/Textures/T_Brick_Clay_New_D.uasset" 727
"../../../Project_2D5/Content/StarterContent/Textures/T_Brick_Clay_New_M.uasset" 728
"../../../Project_2D5/Content/StarterContent/Textures/T_Brick_Clay_New_N.uasset" 729
"../../../Project_2D5/Content/StarterContent/Materials/M_Brick_Clay_New.uasset" 730
"../../../Project_2D5/Content/StarterContent/Textures/T_Brick_Clay_Old_D.uasset" 731
"../../../Project_2D5/Content/StarterContent/Textures/T_Brick_Clay_Old_N.uasset" 732
"../../../Project_2D5/Content/StarterContent/Textures/T_Perlin_Noise_M.uasset" 733
"../../../Project_2D5/Content/StarterContent/Materials/M_Brick_Clay_Old.uasset" 734
"../../../Project_2D5/Content/StarterContent/Textures/T_Brick_Cut_Stone_D.uasset" 735
"../../../Project_2D5/Content/StarterContent/Textures/T_Brick_Cut_Stone_N.uasset" 736
"../../../Project_2D5/Content/StarterContent/Materials/M_Brick_Cut_Stone.uasset" 737
"../../../Project_2D5/Content/StarterContent/Textures/T_Brick_Hewn_Stone_D.uasset" 738
"../../../Project_2D5/Content/StarterContent/Textures/T_Brick_Hewn_Stone_M.uasset" 739
"../../../Project_2D5/Content/StarterContent/Textures/T_Brick_Hewn_Stone_N.uasset" 740
"../../../Project_2D5/Content/StarterContent/Materials/M_Brick_Hewn_Stone.uasset" 741
"../../../Project_2D5/Content/StarterContent/Textures/T_Ceramic_Tile_M.uasset" 742
"../../../Project_2D5/Content/StarterContent/Textures/T_Ceramic_Tile_N.uasset" 743
"../../../Project_2D5/Content/StarterContent/Textures/T_Rock_Marble_Polished_D.uasset" 744
"../../../Project_2D5/Content/StarterContent/Materials/M_Ceramic_Tile_Checker.uasset" 745
"../../../Project_2D5/Content/StarterContent/Textures/T_CobbleStone_Pebble_D.uasset" 746
"../../../Project_2D5/Content/StarterContent/Textures/T_CobbleStone_Pebble_M.uasset" 747
"../../../Project_2D5/Content/StarterContent/Textures/T_CobbleStone_Pebble_N.uasset" 748
"../../../Project_2D5/Content/StarterContent/Materials/M_CobbleStone_Pebble.uasset" 749
"../../../Project_2D5/Content/StarterContent/Textures/T_CobbleStone_Rough_D.uasset" 750
"../../../Project_2D5/Content/StarterContent/Textures/T_CobbleStone_Rough_N.uasset" 751
"../../../Project_2D5/Content/StarterContent/Textures/T_Gradinet_01.uasset" 752
"../../../Project_2D5/Content/StarterContent/Textures/T_Rock_Smooth_Granite_D.uasset" 753
"../../../Project_2D5/Content/StarterContent/Materials/M_CobbleStone_Rough.uasset" 754
"../../../Project_2D5/Content/StarterContent/Textures/T_CobbleStone_Smooth_D.uasset" 755
"../../../Project_2D5/Content/StarterContent/Textures/T_CobbleStone_Smooth_M.uasset" 756
"../../../Project_2D5/Content/StarterContent/Textures/T_CobbleStone_Smooth_N.uasset" 757
"../../../Project_2D5/Content/StarterContent/Materials/M_CobbleStone_Smooth.uasset" 758
"../../../Project_2D5/Content/StarterContent/Textures/T_Concrete_Grime_D.uasset" 759
"../../../Project_2D5/Content/StarterContent/Textures/T_Metal_Rust_N.uasset" 760
"../../../Project_2D5/Content/StarterContent/Materials/M_Concrete_Grime.uasset" 761
"../../../Project_2D5/Content/StarterContent/Textures/T_Concrete_Panels_D.uasset" 762
"../../../Project_2D5/Content/StarterContent/Textures/T_Concrete_Panels_N.uasset" 763
"../../../Project_2D5/Content/StarterContent/Materials/M_Concrete_Panels.uasset" 764
"../../../Project_2D5/Content/StarterContent/Textures/T_Concrete_Poured_D.uasset" 765
"../../../Project_2D5/Content/StarterContent/Textures/T_Concrete_Poured_N.uasset" 766
"../../../Project_2D5/Content/StarterContent/Materials/M_Concrete_Poured.uasset" 767
"../../../Project_2D5/Content/StarterContent/Textures/T_Concrete_Tiles_D.uasset" 768
"../../../Project_2D5/Content/StarterContent/Textures/T_Concrete_Tiles_M.uasset" 769
"../../../Project_2D5/Content/StarterContent/Textures/T_Concrete_Tiles_N.uasset" 770
"../../../Project_2D5/Content/StarterContent/Textures/T_Concrete_Tiles_Variation_M.uasset" 771
"../../../Project_2D5/Content/StarterContent/Materials/M_Concrete_Tiles.uasset" 772
"../../../Project_2D5/Content/StarterContent/Textures/T_Ground_Grass_D.uasset" 773
"../../../Project_2D5/Content/StarterContent/Textures/T_Ground_Grass_N.uasset" 774
"../../../Project_2D5/Content/StarterContent/Materials/M_Ground_Grass.uasset" 775
"../../../Project_2D5/Content/StarterContent/Textures/T_Ground_Gravel_D.uasset" 776
"../../../Project_2D5/Content/StarterContent/Textures/T_Ground_Gravel_N.uasset" 777
"../../../Project_2D5/Content/StarterContent/Materials/M_Ground_Gravel.uasset" 778
"../../../Project_2D5/Content/StarterContent/Textures/T_ground_Moss_D.uasset" 779
"../../../Project_2D5/Content/StarterContent/Textures/T_Ground_Moss_N.uasset" 780
"../../../Project_2D5/Content/StarterContent/Materials/M_Ground_Moss.uasset" 781
"../../../Project_2D5/Content/StarterContent/Materials/M_Metal_Chrome.uasset" 782
"../../../Project_2D5/Content/StarterContent/Textures/T_Metal_Gold_D.uasset" 783
"../../../Project_2D5/Content/StarterContent/Materials/M_Metal_Gold.uasset" 784
"../../../Project_2D5/Content/StarterContent/Textures/T_Metal_Rust_D.uasset" 785
"../../../Project_2D5/Content/StarterContent/Materials/M_Metal_Rust.uasset" 786
"../../../Project_2D5/Content/StarterContent/Textures/T_Metal_Steel_D.uasset" 787
"../../../Project_2D5/Content/StarterContent/Textures/T_Metal_Steel_N.uasset" 788
"../../../Project_2D5/Content/StarterContent/Materials/M_Metal_Steel.uasset" 789
"../../../Project_2D5/Content/StarterContent/Textures/T_Rock_Basalt_N.uasset" 790
"../../../Project_2D5/Content/StarterContent/Materials/M_Rock_Basalt.uasset" 791
"../../../Project_2D5/Content/StarterContent/Materials/M_Rock_Marble_Polished.uasset" 792
"../../../Project_2D5/Content/StarterContent/Textures/T_Rock_Sandstone_D.uasset" 793
"../../../Project_2D5/Content/StarterContent/Textures/T_Rock_Sandstone_N.uasset" 794
"../../../Project_2D5/Content/StarterContent/Materials/M_Rock_Sandstone.uasset" 795
"../../../Project_2D5/Content/StarterContent/Textures/T_Rock_Slate_D.uasset" 796
"../../../Project_2D5/Content/StarterContent/Textures/T_Rock_Slate_N.uasset" 797
"../../../Project_2D5/Content/StarterContent/Materials/M_Rock_Slate.uasset" 798
"../../../Project_2D5/Content/StarterContent/Textures/T_Checker_Noise_M.uasset" 799
"../../../Project_2D5/Content/StarterContent/Textures/T_Single_Tile_N.uasset" 800
"../../../Project_2D5/Content/StarterContent/Textures/T_Tech_Dot_M.uasset" 801
"../../../Project_2D5/Content/StarterContent/Textures/T_Tech_Dot_N.uasset" 802
"../../../Project_2D5/Content/StarterContent/Materials/M_Tech_Checker_Dot.uasset" 803
"../../../Project_2D5/Content/StarterContent/Textures/T_Tech_Hex_Tile_M.uasset" 804
"../../../Project_2D5/Content/StarterContent/Textures/T_Tech_Hex_Tile_N.uasset" 805
"../../../Project_2D5/Content/StarterContent/Materials/M_Tech_Hex_Tile.uasset" 806
"../../../Project_2D5/Content/StarterContent/Materials/M_Tech_Hex_Tile_Pulse.uasset" 807
"../../../Project_2D5/Content/StarterContent/Textures/T_Tech_Panel_M.uasset" 808
"../../../Project_2D5/Content/StarterContent/Textures/T_Tech_Panel_N.uasset" 809
"../../../Project_2D5/Content/StarterContent/Materials/M_Tech_Panel.uasset" 810
"../../../Project_2D5/Content/StarterContent/Materials/M_Water_Lake.uasset" 811
"../../../Project_2D5/Content/StarterContent/Textures/T_Water_M.uasset" 812
"../../../Project_2D5/Content/StarterContent/Materials/M_Water_Ocean.uasset" 813
"../../../Project_2D5/Content/StarterContent/Textures/T_Wood_Floor_Walnut_D.uasset" 814
"../../../Project_2D5/Content/StarterContent/Textures/T_Wood_Floor_Walnut_M.uasset" 815
"../../../Project_2D5/Content/StarterContent/Textures/T_Wood_Floor_Walnut_N.uasset" 816
"../../../Project_2D5/Content/StarterContent/Materials/M_Wood_Floor_Walnut_Polished.uasset" 817
"../../../Engine/Content/Functions/Engine_MaterialFunctions01/Opacity/AlphaOffset.uasset" 818
"../../../Project_2D5/Content/StarterContent/Materials/M_Wood_Floor_Walnut_Worn.uasset" 819
"../../../Project_2D5/Content/StarterContent/Textures/T_Wood_Oak_D.uasset" 820
"../../../Project_2D5/Content/StarterContent/Textures/T_Wood_Oak_N.uasset" 821
"../../../Project_2D5/Content/StarterContent/Materials/M_Wood_Oak.uasset" 822
"../../../Project_2D5/Content/StarterContent/Textures/T_Wood_Pine_D.uasset" 823
"../../../Project_2D5/Content/StarterContent/Textures/T_Wood_Pine_N.uasset" 824
"../../../Project_2D5/Content/StarterContent/Materials/M_Wood_Pine.uasset" 825
"../../../Project_2D5/Content/StarterContent/Textures/T_Wood_Walnut_D.uasset" 826
"../../../Project_2D5/Content/StarterContent/Textures/T_Wood_Walnut_N.uasset" 827
"../../../Project_2D5/Content/StarterContent/Materials/M_Wood_Walnut.uasset" 828
"../../../Project_2D5/Content/StarterContent/Architecture/Wall_400x200.uasset" 829
"../../../Project_2D5/Content/StarterContent/Architecture/Wall_Door_400x300.uasset" 830
"../../../Project_2D5/Content/StarterContent/Architecture/Wall_Window_400x300.uasset" 831
"../../../Project_2D5/Content/StarterContent/Audio/Collapse_Cue.uasset" 832
"../../../Project_2D5/Content/StarterContent/Audio/Starter_Music_Cue.uasset" 833
"../../../Project_2D5/Content/StarterContent/Textures/T_Dust_Particle_D.uasset" 834
"../../../Project_2D5/Content/StarterContent/Particles/Materials/M_Dust_Particle.uasset" 835
"../../../Project_2D5/Content/StarterContent/Particles/P_Ambient_Dust.uasset" 836
"../../../Project_2D5/Content/StarterContent/Textures/T_Frame_M.uasset" 837
"../../../Project_2D5/Content/StarterContent/Textures/T_Frame_N.uasset" 838
"../../../Project_2D5/Content/StarterContent/Props/Materials/M_Frame.uasset" 839
"../../../Project_2D5/Content/StarterContent/Props/SM_CornerFrame.uasset" 840
"../../../Project_2D5/Content/StarterContent/Props/SM_DoorFrame.uasset" 841
"../../../Project_2D5/Content/StarterContent/Props/SM_GlassWindow.uasset" 842
"../../../Project_2D5/Content/StarterContent/Props/SM_PillarFrame.uasset" 843
"../../../Project_2D5/Content/StarterContent/Props/SM_PillarFrame300.uasset" 844
"../../../Project_2D5/Content/StarterContent/Props/SM_WindowFrame.uasset" 845
"../../../Project_2D5/Content/StarterContent/Shapes/Shape_Cube.uasset" 846
"../../../Project_2D5/Content/StarterContent/Shapes/Shape_QuadPyramid.uasset" 847
"../../../Project_2D5/Content/StarterContent/Shapes/Shape_Sphere.uasset" 848
"../../../Project_2D5/Content/StarterContent/Maps/StarterMap.umap" 849
"../../../Project_2D5/Content/TwinStickBP/Blueprints/collisionBox.uasset" 850
"../../../Project_2D5/Content/TwinStickBP/Blueprints/NumberOfPlayers.uasset" 851
"../../../Project_2D5/Content/TwinStickBP/Blueprints/TwinStickGameMode.uasset" 852
"../../../Project_2D5/Content/TwinStickBP/Maps/Round1_BuiltData.uasset" 853
"../../../Project_2D5/Content/Audio/Voice/Broadcast/Round1_A.uasset" 854
"../../../Project_2D5/Content/Audio/Voice/Broadcast/Round2_A.uasset" 855
"../../../Project_2D5/Content/Audio/Voice/Broadcast/Round3_A.uasset" 856
"../../../Project_2D5/Content/Geometry/Meshes/1M_Cube_Chamfer.uasset" 857
"../../../Project_2D5/Content/TwinStickBP/Maps/Round1.umap" 858
"../../../Project_2D5/Content/Material/e_fightScreen_r2.uasset" 859
"../../../Project_2D5/Content/Material/e_fightScreen_r2_Mat.uasset" 860
"../../../Project_2D5/Content/e_fightScreen_r2.uasset" 861
"../../../Project_2D5/Content/TwinStickBP/Maps/Round21.umap" 862
"../../../Project_2D5/Content/TwinStickBP/Maps/Round22.umap" 863
"../../../Project_2D5/Content/Material/e_fightScreen_r3.uasset" 864
"../../../Project_2D5/Content/Material/e_fightScreen_r3_Mat.uasset" 865
"../../../Project_2D5/Content/e_fightScreen_r3.uasset" 866
"../../../Project_2D5/Content/TwinStickBP/Maps/Round3.umap" 867
"../../../Project_2D5/Content/TwinStickBP/Maps/TitleScreen_BuiltData.uasset" 868
"../../../Project_2D5/Content/TwinStickBP/TitleScreen/announce_board.uasset" 869
"../../../Project_2D5/Content/TwinStickBP/TitleScreen/announce_board_Mat.uasset" 870
"../../../Project_2D5/Content/Audio/AriportStrikeTitle_01.uasset" 871
"../../../Project_2D5/Content/Audio/CueTone_01.uasset" 872
"../../../Project_2D5/Content/Audio/Flight_01.uasset" 873
"../../../Project_2D5/Content/Audio/Voice/Broadcast/Broadcast_A.uasset" 874
"../../../Project_2D5/Content/TwinStickBP/TitleScreen/AirportStrikeLogo2.uasset" 875
"../../../Project_2D5/Content/Audio/BottonSelection_01.uasset" 876
"../../../Project_2D5/Content/Audio/ButtonHover_01.uasset" 877
"../../../Project_2D5/Content/TwinStickBP/TitleScreen/Buttons/CrewHover.uasset" 878
"../../../Project_2D5/Content/TwinStickBP/TitleScreen/Buttons/CrewNormal.uasset" 879
"../../../Project_2D5/Content/TwinStickBP/TitleScreen/Buttons/CrewPress.uasset" 880
"../../../Project_2D5/Content/TwinStickBP/TitleScreen/Buttons/ExitHover.uasset" 881
"../../../Project_2D5/Content/TwinStickBP/TitleScreen/Buttons/ExitNormal.uasset" 882
"../../../Project_2D5/Content/TwinStickBP/TitleScreen/Buttons/ExitPress.uasset" 883
"../../../Project_2D5/Content/TwinStickBP/TitleScreen/Buttons/StartHover.uasset" 884
"../../../Project_2D5/Content/TwinStickBP/TitleScreen/Buttons/StartNormal.uasset" 885
"../../../Project_2D5/Content/TwinStickBP/TitleScreen/Buttons/StartPress.uasset" 886
"../../../Project_2D5/Content/Font/Politik.uasset" 887
"../../../Project_2D5/Content/Font/Politik_Font.uasset" 888
"../../../Project_2D5/Content/TwinStickBP/TitleScreen/Buttons/BackHover.uasset" 889
"../../../Project_2D5/Content/TwinStickBP/TitleScreen/Buttons/BackNormal.uasset" 890
"../../../Project_2D5/Content/TwinStickBP/TitleScreen/Buttons/BackPress.uasset" 891
"../../../Project_2D5/Content/TwinStickBP/TitleScreen/Buttons/Crew.uasset" 892
"../../../Project_2D5/Content/TwinStickBP/TitleScreen/Crew.uasset" 893
"../../../Project_2D5/Content/Audio/StartGameInPrepareMeny_01.uasset" 894
"../../../Project_2D5/Content/TwinStickBP/TitleScreen/Buttons/PStartHover.uasset" 895
"../../../Project_2D5/Content/TwinStickBP/TitleScreen/Buttons/PStartNormal.uasset" 896
"../../../Project_2D5/Content/TwinStickBP/TitleScreen/Buttons/PStartPress.uasset" 897
"../../../Project_2D5/Content/TwinStickBP/TitleScreen/Buttons/ReadyBg.uasset" 898
"../../../Project_2D5/Content/TwinStickBP/TitleScreen/PlayerPreparing.uasset" 899
"../../../Project_2D5/Content/TwinStickBP/TitleScreen/TitleScreen.uasset" 900
"../../../Project_2D5/Content/TwinStickBP/TitleScreen/TV1.uasset" 901
"../../../Project_2D5/Content/TwinStickBP/TitleScreen/palette.uasset" 902
"../../../Project_2D5/Content/TwinStickBP/TitleScreen/TV.uasset" 903
"../../../Project_2D5/Content/TwinStickBP/Maps/TitleScreen.umap" 904
"../../../Engine/Content/Maps/Entry.umap" 905
